Add component (AddParameter): Name = "Value"; Value = "LM358"; VariantName = "[No Variations]"
Added Component: Designator=IC1(DIP8)
Add component. Clean all parameters for all variants
Add component (AddParameter): Name = "Value"; Value = "LM358"; VariantName = "[No Variations]"
Add component (AddParameter): Name = "Value"; Value = "LM358"; VariantName = "[No Variations]"
Added Component: Designator=IC2(DIP8)
Add component. Clean all parameters for all variants
Add component (AddParameter): Name = "Value"; Value = "LM358"; VariantName = "[No Variations]"
Add component (AddParameter): Name = "LatestRevisionDate"; Value = "17-Jul-2002"; VariantName = "[No Variations]"
Add component (AddParameter): Name = "LatestRevisionNote"; Value = "Re-released for DXP Platform."; VariantName = "[No Variations]"
Add component (AddParameter): Name = "Publisher"; Value = "Altium Limited"; VariantName = "[No Variations]"
Added Component: Designator=P1(JP2H)
Add component. Clean all parameters for all variants
Add component (AddParameter): Name = "LatestRevisionDate"; Value = "17-Jul-2002"; VariantName = "[No Variations]"
Add component (AddParameter): Name = "LatestRevisionNote"; Value = "Re-released for DXP Platform."; VariantName = "[No Variations]"
Add component (AddParameter): Name = "Publisher"; Value = "Altium Limited"; VariantName = "[No Variations]"
Add component (AddParameter): Name = "LatestRevisionDate"; Value = "17-Jul-2002"; VariantName = "[No Variations]"
Add component (AddParameter): Name = "LatestRevisionNote"; Value = "Re-released for DXP Platform."; VariantName = "[No Variations]"
Add component (AddParameter): Name = "Publisher"; Value = "Altium Limited"; VariantName = "[No Variations]"
Added Component: Designator=P2(JP3)
Add component. Clean all parameters for all variants
Add component (AddParameter): Name = "LatestRevisionDate"; Value = "17-Jul-2002"; VariantName = "[No Variations]"
Add component (AddParameter): Name = "LatestRevisionNote"; Value = "Re-released for DXP Platform."; VariantName = "[No Variations]"
Add component (AddParameter): Name = "Publisher"; Value = "Altium Limited"; VariantName = "[No Variations]"
Add component (AddParameter): Name = "LatestRevisionDate"; Value = "17-Jul-2002"; VariantName = "[No Variations]"
Add component (AddParameter): Name = "LatestRevisionNote"; Value = "Re-released for DXP Platform."; VariantName = "[No Variations]"
Add component (AddParameter): Name = "Publisher"; Value = "Altium Limited"; VariantName = "[No Variations]"
Added Component: Designator=P3(JP2H)
Add component. Clean all parameters for all variants
Add component (AddParameter): Name = "LatestRevisionDate"; Value = "17-Jul-2002"; VariantName = "[No Variations]"
Add component (AddParameter): Name = "LatestRevisionNote"; Value = "Re-released for DXP Platform."; VariantName = "[No Variations]"
Add component (AddParameter): Name = "Publisher"; Value = "Altium Limited"; VariantName = "[No Variations]"
Add component (AddParameter): Name = "LatestRevisionDate"; Value = "17-Jul-2002"; VariantName = "[No Variations]"
Add component (AddParameter): Name = "LatestRevisionNote"; Value = "Re-released for DXP Platform."; VariantName = "[No Variations]"
Add component (AddParameter): Name = "Publisher"; Value = "Altium Limited"; VariantName = "[No Variations]"
Added Component: Designator=P4(JP3)
Add component. Clean all parameters for all variants
Add component (AddParameter): Name = "LatestRevisionDate"; Value = "17-Jul-2002"; VariantName = "[No Variations]"
Add component (AddParameter): Name = "LatestRevisionNote"; Value = "Re-released for DXP Platform."; VariantName = "[No Variations]"
Add component (AddParameter): Name = "Publisher"; Value = "Altium Limited"; VariantName = "[No Variations]"
Add component (AddParameter): Name = "Value"; Value = "2.2k"; VariantName = "[No Variations]"
Added Component: Designator=R1(RES-SM-0805)
Add component. Clean all parameters for all variants
Add component (AddParameter): Name = "Value"; Value = "2.2k"; VariantName = "[No Variations]"
Add component (AddParameter): Name = "Value"; Value = "830"; VariantName = "[No Variations]"
Added Component: Designator=R2(RES-SM-0805)
Add component. Clean all parameters for all variants
Add component (AddParameter): Name = "Value"; Value = "830"; VariantName = "[No Variations]"
Add component (AddParameter): Name = "Value"; Value = "2K"; VariantName = "[No Variations]"
Added Component: Designator=R3(RES-SM-0805)
Add component. Clean all parameters for all variants
Add component (AddParameter): Name = "Value"; Value = "2K"; VariantName = "[No Variations]"
Add component (AddParameter): Name = "Value"; Value = "1K"; VariantName = "[No Variations]"
Added Component: Designator=R5(RES-SM-0805)
Add component. Clean all parameters for all variants
Add component (AddParameter): Name = "Value"; Value = "1K"; VariantName = "[No Variations]"
Added Component: Designator=TP1(TP)
Add component. Clean all parameters for all variants
Added Component: Designator=TP2(TP)
Add component. Clean all parameters for all variants
Add component (AddParameter): Name = "Value"; Value = "VR 10K"; VariantName = "[No Variations]"
Added Component: Designator=VR1(Varistor 1)
Add component. Clean all parameters for all variants
Add component (AddParameter): Name = "Value"; Value = "VR 10K"; VariantName = "[No Variations]"
Add component (AddParameter): Name = "Value"; Value = "VR 10K"; VariantName = "[No Variations]"
Added Component: Designator=VR2(Varistor 1)
Add component. Clean all parameters for all variants
Add component (AddParameter): Name = "Value"; Value = "VR 10K"; VariantName = "[No Variations]"
Added Pin To Net: NetName=12V Pin=IC1-8
Added Pin To Net: NetName=12V Pin=IC2-8
Added Pin To Net: NetName=12V Pin=P1-1
Added Pin To Net: NetName=12V Pin=P2-1
Added Pin To Net: NetName=12V Pin=TP1-TP1
Added Net: Name=12V
Added Pin To Net: NetName=AO+ Pin=IC2-1
Added Pin To Net: NetName=AO+ Pin=P3-1
Added Pin To Net: NetName=AO+ Pin=VR2-3
Added Net: Name=AO+
Added Pin To Net: NetName=GND Pin=IC1-4
Added Pin To Net: NetName=GND Pin=IC2-4
Added Pin To Net: NetName=GND Pin=P1-2
Added Pin To Net: NetName=GND Pin=P2-2
Added Pin To Net: NetName=GND Pin=P3-2
Added Pin To Net: NetName=GND Pin=P4-3
Added Pin To Net: NetName=GND Pin=R5-2
Added Pin To Net: NetName=GND Pin=TP2-TP1
Added Pin To Net: NetName=GND Pin=VR1-2
Added Net: Name=GND
Added Pin To Net: NetName=NetIC1_3 Pin=IC1-3
Added Pin To Net: NetName=NetIC1_3 Pin=R1-1
Added Pin To Net: NetName=NetIC1_3 Pin=R2-2
Added Net: Name=NetIC1_3
Added Pin To Net: NetName=NetIC1_6 Pin=IC1-6
Added Pin To Net: NetName=NetIC1_6 Pin=IC1-7
Added Pin To Net: NetName=NetIC1_6 Pin=IC2-3
Added Net: Name=NetIC1_6
Added Pin To Net: NetName=NetIC2_2 Pin=IC2-2
Added Pin To Net: NetName=NetIC2_2 Pin=R3-2
Added Pin To Net: NetName=NetIC2_2 Pin=R5-1
Added Net: Name=NetIC2_2
Added Pin To Net: NetName=NetR2_1 Pin=R2-1
Added Pin To Net: NetName=NetR2_1 Pin=VR1-1
Added Net: Name=NetR2_1
Added Pin To Net: NetName=NetR3_1 Pin=R3-1
Added Pin To Net: NetName=NetR3_1 Pin=VR2-1
Added Net: Name=NetR3_1
Added Pin To Net: NetName=SENOUT Pin=P2-3
Added Pin To Net: NetName=SENOUT Pin=R1-2
Added Net: Name=SENOUT
Added Pin To Net: NetName=STMIN Pin=IC1-1
Added Pin To Net: NetName=STMIN Pin=IC1-2
Added Pin To Net: NetName=STMIN Pin=P4-1
Added Net: Name=STMIN
Added Pin To Net: NetName=STMOUT Pin=IC1-5
Added Pin To Net: NetName=STMOUT Pin=P4-2
Added Net: Name=STMOUT
